<?xml version="1.0" encoding="UTF-8"?>
<testsuite xmlns:xsi="http://www.w3.org/2001/XMLSchema-instance" xsi:noNamespaceSchemaLocation="https://maven.apache.org/surefire/maven-surefire-plugin/xsd/surefire-test-report.xsd" name="com.app.AppTest" time="0.045" tests="1" errors="0" skipped="0" failures="0">
  <properties>
    <property name="java.specification.version" value="17"/>
    <property name="sun.cpu.isalist" value="amd64"/>
    <property name="sun.jnu.encoding" value="Cp1252"/>
    <property name="java.class.path" value="e:\documents\Coding\Java\My programs\Tuned\tuned\target\test-classes;e:\documents\Coding\Java\My programs\Tuned\tuned\target\classes;C:\Users\Hoody\.m2\repository\junit\junit\4.11\junit-4.11.jar;C:\Users\Hoody\.m2\repository\org\hamcrest\hamcrest-core\1.3\hamcrest-core-1.3.jar;C:\Users\Hoody\.m2\repository\se\michaelthelin\spotify\spotify-web-api-java\7.0.0\spotify-web-api-java-7.0.0.jar;C:\Users\Hoody\.m2\repository\com\fasterxml\jackson\core\jackson-databind\2.13.0\jackson-databind-2.13.0.jar;C:\Users\Hoody\.m2\repository\com\fasterxml\jackson\core\jackson-annotations\2.13.0\jackson-annotations-2.13.0.jar;C:\Users\Hoody\.m2\repository\com\fasterxml\jackson\core\jackson-core\2.13.0\jackson-core-2.13.0.jar;C:\Users\Hoody\.m2\repository\com\google\code\gson\gson\2.8.9\gson-2.8.9.jar;C:\Users\Hoody\.m2\repository\com\neovisionaries\nv-i18n\1.29\nv-i18n-1.29.jar;C:\Users\Hoody\.m2\repository\org\apache\httpcomponents\client5\httpclient5-cache\5.1.1\httpclient5-cache-5.1.1.jar;C:\Users\Hoody\.m2\repository\org\apache\httpcomponents\client5\httpclient5\5.1.1\httpclient5-5.1.1.jar;C:\Users\Hoody\.m2\repository\org\apache\httpcomponents\core5\httpcore5\5.1.2\httpcore5-5.1.2.jar;C:\Users\Hoody\.m2\repository\org\apache\httpcomponents\core5\httpcore5-h2\5.1.2\httpcore5-h2-5.1.2.jar;C:\Users\Hoody\.m2\repository\commons-codec\commons-codec\1.15\commons-codec-1.15.jar;C:\Users\Hoody\.m2\repository\org\slf4j\slf4j-api\1.7.32\slf4j-api-1.7.32.jar;C:\Users\Hoody\.m2\repository\org\json\json\20211205\json-20211205.jar;"/>
    <property name="java.vm.vendor" value="Eclipse Adoptium"/>
    <property name="sun.arch.data.model" value="64"/>
    <property name="user.variant" value=""/>
    <property name="java.vendor.url" value="https://adoptium.net/"/>
    <property name="user.timezone" value="America/New_York"/>
    <property name="os.name" value="Windows 10"/>
    <property name="java.vm.specification.version" value="17"/>
    <property name="sun.java.launcher" value="SUN_STANDARD"/>
    <property name="user.country" value="US"/>
    <property name="sun.boot.library.path" value="C:\Program Files\Eclipse Adoptium\jdk-17.0.1.12-hotspot\bin"/>
    <property name="sun.java.command" value="C:\Users\Hoody\AppData\Local\Temp\surefire18125144907225682023\surefirebooter14882944864929275483.jar C:\Users\Hoody\AppData\Local\Temp\surefire18125144907225682023 2022-01-23T17-11-34_662-jvmRun1 surefire14907115814397215361tmp surefire_017364596490684303171tmp"/>
    <property name="jdk.debug" value="release"/>
    <property name="surefire.test.class.path" value="e:\documents\Coding\Java\My programs\Tuned\tuned\target\test-classes;e:\documents\Coding\Java\My programs\Tuned\tuned\target\classes;C:\Users\Hoody\.m2\repository\junit\junit\4.11\junit-4.11.jar;C:\Users\Hoody\.m2\repository\org\hamcrest\hamcrest-core\1.3\hamcrest-core-1.3.jar;C:\Users\Hoody\.m2\repository\se\michaelthelin\spotify\spotify-web-api-java\7.0.0\spotify-web-api-java-7.0.0.jar;C:\Users\Hoody\.m2\repository\com\fasterxml\jackson\core\jackson-databind\2.13.0\jackson-databind-2.13.0.jar;C:\Users\Hoody\.m2\repository\com\fasterxml\jackson\core\jackson-annotations\2.13.0\jackson-annotations-2.13.0.jar;C:\Users\Hoody\.m2\repository\com\fasterxml\jackson\core\jackson-core\2.13.0\jackson-core-2.13.0.jar;C:\Users\Hoody\.m2\repository\com\google\code\gson\gson\2.8.9\gson-2.8.9.jar;C:\Users\Hoody\.m2\repository\com\neovisionaries\nv-i18n\1.29\nv-i18n-1.29.jar;C:\Users\Hoody\.m2\repository\org\apache\httpcomponents\client5\httpclient5-cache\5.1.1\httpclient5-cache-5.1.1.jar;C:\Users\Hoody\.m2\repository\org\apache\httpcomponents\client5\httpclient5\5.1.1\httpclient5-5.1.1.jar;C:\Users\Hoody\.m2\repository\org\apache\httpcomponents\core5\httpcore5\5.1.2\httpcore5-5.1.2.jar;C:\Users\Hoody\.m2\repository\org\apache\httpcomponents\core5\httpcore5-h2\5.1.2\httpcore5-h2-5.1.2.jar;C:\Users\Hoody\.m2\repository\commons-codec\commons-codec\1.15\commons-codec-1.15.jar;C:\Users\Hoody\.m2\repository\org\slf4j\slf4j-api\1.7.32\slf4j-api-1.7.32.jar;C:\Users\Hoody\.m2\repository\org\json\json\20211205\json-20211205.jar;"/>
    <property name="sun.cpu.endian" value="little"/>
    <property name="user.home" value="C:\Users\Hoody"/>
    <property name="user.language" value="en"/>
    <property name="java.specification.vendor" value="Oracle Corporation"/>
    <property name="java.version.date" value="2021-10-19"/>
    <property name="java.home" value="C:\Program Files\Eclipse Adoptium\jdk-17.0.1.12-hotspot"/>
    <property name="file.separator" value="\"/>
    <property name="basedir" value="e:\documents\Coding\Java\My programs\Tuned\tuned"/>
    <property name="java.vm.compressedOopsMode" value="Zero based"/>
    <property name="line.separator" value="&#10;"/>
    <property name="java.vm.specification.vendor" value="Oracle Corporation"/>
    <property name="java.specification.name" value="Java Platform API Specification"/>
    <property name="surefire.real.class.path" value="C:\Users\Hoody\AppData\Local\Temp\surefire18125144907225682023\surefirebooter14882944864929275483.jar"/>
    <property name="user.script" value=""/>
    <property name="sun.management.compiler" value="HotSpot 64-Bit Tiered Compilers"/>
    <property name="java.runtime.version" value="17.0.1+12"/>
    <property name="user.name" value="Hoody"/>
    <property name="path.separator" value=";"/>
    <property name="os.version" value="10.0"/>
    <property name="java.runtime.name" value="OpenJDK Runtime Environment"/>
    <property name="file.encoding" value="Cp1252"/>
    <property name="java.vm.name" value="OpenJDK 64-Bit Server VM"/>
    <property name="java.vendor.version" value="Temurin-17.0.1+12"/>
    <property name="localRepository" value="C:\Users\Hoody\.m2\repository"/>
    <property name="java.vendor.url.bug" value="https://github.com/adoptium/adoptium-support/issues"/>
    <property name="java.io.tmpdir" value="C:\Users\Hoody\AppData\Local\Temp\"/>
    <property name="java.version" value="17.0.1"/>
    <property name="user.dir" value="e:\documents\Coding\Java\My programs\Tuned\tuned"/>
    <property name="os.arch" value="amd64"/>
    <property name="java.vm.specification.name" value="Java Virtual Machine Specification"/>
    <property name="sun.os.patch.level" value=""/>
    <property name="native.encoding" value="Cp1252"/>
    <property name="java.library.path" value="C:\Program Files\Eclipse Adoptium\jdk-17.0.1.12-hotspot\bin;C:\WINDOWS\Sun\Java\bin;C:\WINDOWS\system32;C:\WINDOWS;C:\Program Files\Eclipse Adoptium\jdk-17.0.1.12-hotspot\bin;C:\Program Files (x86)\Common Files\Oracle\Java\javapath;C:\WINDOWS\system32;C:\WINDOWS;C:\WINDOWS\System32\Wbem;C:\WINDOWS\System32\WindowsPowerShell\v1.0\;C:\WINDOWS\System32\OpenSSH\;C:\Program Files\NVIDIA Corporation\NVIDIA NvDLISR;C:\Python37;C:\Python37\Scripts;C:\Program Files (x86)\NVIDIA Corporation\PhysX\Common;C:\WINDOWS\system32;C:\WINDOWS;C:\WINDOWS\System32\Wbem;C:\WINDOWS\System32\WindowsPowerShell\v1.0\;C:\WINDOWS\System32\OpenSSH\;E:\documents\Coding\C++\,Compiler\msys\1.0\bin;E:\documents\Coding\C++\,Compiler\bin;C:\Program Files\nodejs\;C:\Program Files\Git\cmd;C:\Program Files\MEGA11;E:\documents\Coding\JSON;&quot;%CLASSPATH%;%JSON_JAVA%\json-simple-1.1.1.jar;.;&quot;;C:\Users\Hoody\AppData\Local\Programs\Python\Python37-32\Scripts\;C:\Users\Hoody\AppData\Local\Programs\Python\Python37-32\;C:\WINDOWS\system32;C:\WINDOWS;C:\WINDOWS\System32\Wbem;C:\WINDOWS\System32\WindowsPowerShell\v1.0\;C:\WINDOWS\System32\OpenSSH\;C:\Program Files\NVIDIA Corporation\NVIDIA NvDLISR;C:\Program Files (x86)\NVIDIA Corporation\PhysX\Common;C:\Python37;C:\Python37\Scripts;C:\Users\Hoody\AppData\Local\Programs\Python\Python35%;C:\Users\Hoody\AppData\Local\Programs\Python37-32\Scripts;C:\Users\Hoody\AppData\Local\Microsoft\WindowsApps;C:\Users\Hoody\AppData\Roaming\npm;C:\Program Files\nodejs\;C:\Program Files\Git\bin\;C:\Program Files\Git\cmd\;C:\Users\Hoody\AppData\Local\GitHubDesktop\bin;%JAVA_HOME%\bin;C:\Users\Hoody\AppData\Local\Programs\Microsoft VS Code\bin;C:\Program Files\mingw-w64\x86_64-8.1.0-posix-seh-rt_v6-rev0\mingw64\bin;C:\Program Files\MongoDB\Server\4.4\bin;E:\documents\Coding\Java\JDK\bin;E:\documents\Coding\Java\apache-maven-3.8.4\bin;;."/>
    <property name="java.vm.info" value="mixed mode, sharing"/>
    <property name="java.vendor" value="Eclipse Adoptium"/>
    <property name="java.vm.version" value="17.0.1+12"/>
    <property name="sun.io.unicode.encoding" value="UnicodeLittle"/>
    <property name="java.class.version" value="61.0"/>
  </properties>
  <testcase name="shouldAnswerWithTrue" classname="com.app.AppTest" time="0.002"/>
</testsuite>